<?xml version="1.0" encoding="utf-8"?><testsuites name="pytest tests"><testsuite name="pytest" errors="0" failures="0" skipped="0" tests="13" time="4.780" timestamp="2026-05-05T06:32:22.120831+00:00" hostname="agent-env-a592e374-b6d8-4dcf-a297-77b249c1bee2"><testcase classname="backend.tests.test_arkiv_api" name="test_health" time="0.928" /><testcase classname="backend.tests.test_arkiv_api" name="test_stats_public" time="0.098" /><testcase classname="backend.tests.test_arkiv_api" name="test_records_public" time="0.186" /><testcase classname="backend.tests.test_arkiv_api" name="test_register_creates_user_with_cookie_and_token" time="0.407" /><testcase classname="backend.tests.test_arkiv_api" name="test_register_duplicate_email_400" time="0.431" /><testcase classname="backend.tests.test_arkiv_api" name="test_login_admin_success_sets_cookie_and_token" time="0.383" /><testcase classname="backend.tests.test_arkiv_api" name="test_login_wrong_password_401" time="0.320" /><testcase classname="backend.tests.test_arkiv_api" name="test_me_without_auth_401" time="0.218" /><testcase classname="backend.tests.test_arkiv_api" name="test_logout_clears_cookie" time="0.453" /><testcase classname="backend.tests.test_arkiv_api" name="test_records_create_requires_auth" time="0.108" /><testcase classname="backend.tests.test_arkiv_api" name="test_records_create_and_list_with_bearer_token" time="0.583" /><testcase classname="backend.tests.test_arkiv_api" name="test_records_gpa_validation" time="0.445" /><testcase classname="backend.tests.test_arkiv_api" name="test_contact_public_success" time="0.139" /></testsuite></testsuites>